<?xml version="1.0" encoding="UTF-8"?>
<testng-results skipped="0" failed="0" total="1" passed="1">
  <reporter-output>
  </reporter-output>
  <suite name="Default suite" duration-ms="19585" started-at="2020-01-21T22:10:07Z" finished-at="2020-01-21T22:10:27Z">
    <groups>
    </groups>
    <test name="Default test" duration-ms="19585" started-at="2020-01-21T22:10:07Z" finished-at="2020-01-21T22:10:27Z">
      <class name="demo.ScreenShotExample">
        <test-method status="PASS" signature="openApplication()[pri:0, instance:demo.ScreenShotExample@5d3411d]" name="openApplication" is-config="true" duration-ms="6796" started-at="2020-01-21T17:10:07Z" finished-at="2020-01-21T17:10:14Z">
          <reporter-output>
          </reporter-output>
        </test-method> <!-- openApplication -->
        <test-method status="PASS" signature="verifyFlightBooking()[pri:0, instance:demo.ScreenShotExample@5d3411d]" name="verifyFlightBooking" duration-ms="12656" started-at="2020-01-21T17:10:14Z" finished-at="2020-01-21T17:10:27Z">
          <reporter-output>
          </reporter-output>
        </test-method> <!-- verifyFlightBooking -->
        <test-method status="PASS" signature="closeApplication()[pri:0, instance:demo.ScreenShotExample@5d3411d]" name="closeApplication" is-config="true" duration-ms="122" started-at="2020-01-21T17:10:27Z" finished-at="2020-01-21T17:10:27Z">
          <reporter-output>
          </reporter-output>
        </test-method> <!-- closeApplication -->
      </class> <!-- demo.ScreenShotExample -->
    </test> <!-- Default test -->
  </suite> <!-- Default suite -->
</testng-results>
