<?xml version="1.0" encoding="UTF-8"?>
<!-- Generated by org.testng.reporters.JUnitXMLReporter -->
<testsuite hostname="ZANY-PC" name="EdgeTest" tests="3" failures="0" timestamp="20 Jan 2020 23:08:19 GMT" time="30.639" errors="0">
  <testcase name="verifyPageTitle" time="0.005" classname="demo.CrossBrowserParallelExecutionExample"/>
  <testcase name="verifySearchBtnEnable" time="0.213" classname="demo.CrossBrowserParallelExecutionExample"/>
  <testcase name="verifyLoginBtnVisibility" time="0.24" classname="demo.CrossBrowserParallelExecutionExample"/>
</testsuite> <!-- EdgeTest -->
