<?xml version="1.0" encoding="UTF-8"?>
<!-- Generated by org.testng.reporters.JUnitXMLReporter -->
<testsuite hostname="ZANY-PC" name="FirefoxTest" tests="3" failures="0" timestamp="20 Jan 2020 23:09:05 GMT" time="77.186" errors="0">
  <testcase name="verifyPageTitle" time="0.005" classname="demo.CrossBrowserParallelExecutionExample"/>
  <testcase name="verifySearchBtnEnable" time="0.072" classname="demo.CrossBrowserParallelExecutionExample"/>
  <testcase name="verifyLoginBtnVisibility" time="0.049" classname="demo.CrossBrowserParallelExecutionExample"/>
</testsuite> <!-- FirefoxTest -->
