<?xml version="1.0" encoding="UTF-8"?>
<!-- Generated by org.testng.reporters.JUnitXMLReporter -->
<testsuite hostname="ZANY-PC" name="IETest" tests="3" failures="0" timestamp="20 Jan 2020 23:08:09 GMT" time="20.862" errors="0">
  <testcase name="verifyPageTitle" time="0.028" classname="demo.CrossBrowserParallelExecutionExample"/>
  <testcase name="verifySearchBtnEnable" time="0.297" classname="demo.CrossBrowserParallelExecutionExample"/>
  <testcase name="verifyLoginBtnVisibility" time="0.392" classname="demo.CrossBrowserParallelExecutionExample"/>
</testsuite> <!-- IETest -->
